<?xml version="1.0" encoding="UTF-8"?>
<!-- Generated by org.testng.reporters.JUnitReportReporter -->
<testsuite hostname="Rohini-Shingare" failures="0" tests="1" name="testPackage.AddToCart" time="9.193" errors="0" timestamp="2025-03-18T11:08:10 IST" skipped="0">
  <testcase classname="testPackage.AddToCart" name="addToCartMethod" time="9.193"/>
  <system-out/>
</testsuite> <!-- testPackage.AddToCart -->
