<?xml version="1.0" encoding="UTF-8"?>
<!-- Generated by org.testng.reporters.JUnitReportReporter -->
<testsuite hostname="Rohini-Shingare" failures="0" tests="1" name="testPackage.TC_RemoveProductFromCart_002_Test" time="24.857" errors="0" timestamp="2025-03-20T12:02:37 IST" skipped="0">
  <testcase classname="testPackage.TC_RemoveProductFromCart_002_Test" name="removeProductFormCart" time="24.857"/>
  <system-out>
    <![CDATA[--test--removeProductFormCart Started
Product is removed from cart
--test--removeProductFormCart Success]]>
  </system-out>
</testsuite> <!-- testPackage.TC_RemoveProductFromCart_002_Test -->
