<?xml version="1.0" encoding="UTF-8"?>
<!-- Generated by org.testng.reporters.JUnitReportReporter -->
<testsuite hostname="Rohini-Shingare" failures="0" tests="1" name="testPackage.TC_AddToCart_001_Test" time="10.523" errors="0" timestamp="2025-03-20T12:02:37 IST" skipped="0">
  <testcase classname="testPackage.TC_AddToCart_001_Test" name="TC_addToCart_001_Test" time="10.523"/>
  <system-out>
    <![CDATA[--test--TC_addToCart_001_Test Started
--test--TC_addToCart_001_Test Success]]>
  </system-out>
</testsuite> <!-- testPackage.TC_AddToCart_001_Test -->
